Arguments: 
  C:\Program Files\nodejs\node.exe C:\Program Files (x86)\Yarn\bin\yarn.js add react-native-date-input dayjs react-native-appearance react-native-iphone-x-helper

PATH: 
  C:\Python27\;C:\Python27\Scripts;C:\WINDOWS\system32;C:\WINDOWS;C:\WINDOWS\System32\Wbem;C:\WINDOWS\System32\WindowsPowerShell\v1.0\;C:\WINDOWS\System32\OpenSSH\;C:\Program Files\Intel\WiFi\bin\;C:\Program Files\Common Files\Intel\WirelessCommon\;C:\Program Files\Git\cmd;C:\Program Files\Microsoft SQL Server\Client SDK\ODBC\130\Tools\Binn\;C:\Program Files (x86)\Microsoft SQL Server\140\Tools\Binn\;C:\Program Files\Microsoft SQL Server\140\Tools\Binn\;C:\Program Files\Microsoft SQL Server\140\DTS\Binn\;C:\Program Files (x86)\Microsoft SQL Server\150\DTS\Binn\;C:\Program Files\dotnet\;C:\Program Files\Microsoft SQL Server\130\Tools\Binn\;C:\Program Files\Microsoft SQL Server\Client SDK\ODBC\170\Tools\Binn\;C:\ProgramData\chocolatey\bin;C:\Program Files\nodejs\;C:\Program Files\Java\jdk1.8.0_211\bin;%ANDROID_HOME%;C:\Program Files (x86)\Yarn\bin\;C:\Users\FSC\AppData\Local\Android\Sdk\platforms;C:\Users\FSC\AppData\Local\Android\Sdk\platform-tools;C:\Gradle\gradle-6.7\bin;C:\Users\FSC\AppData\Local\Programs\Python\Python38-32\Scripts\;C:\Users\FSC\AppData\Local\Programs\Python\Python38-32\;C:\Users\FSC\AppData\Local\Microsoft\WindowsApps;C:\Users\FSC\AppData\Local\Programs\Microsoft VS Code\bin;C:\Users\FSC\AppData\Local\GitHubDesktop\bin;C:\Program Files\Git\bin;C:\Users\FSC\AppData\Roaming\npm;C:\Users\FSC\AppData\Local\Yarn\bin;%USERPROFILE%\AppData\Local\Microsoft\WindowsApps;

Yarn version: 
  1.22.5

Node version: 
  14.13.1

Platform: 
  win32 x64

Trace: 
  Error: EPERM: operation not permitted, unlink 'D:\Capstone\ComCharity1\node_modules\@babel\helper-compilation-targets\node_modules\.bin'

npm manifest: 
  {
    "main": "node_modules/expo/AppEntry.js",
    "scripts": {
      "start": "expo start",
      "android": "expo start --android",
      "ios": "expo start --ios",
      "web": "expo start --web",
      "eject": "expo eject"
    },
    "dependencies": {
      "@react-native-community/masked-view": "^0.1.10",
      "@unimodules/react-native-adapter": "^5.6.0",
      "create-react-native-web-app": "^0.15.6",
      "expo": "~39.0.3",
      "expo-constants": "^9.2.0",
      "expo-image-picker": "^9.1.1",
      "expo-permissions": "^9.3.0",
      "expo-status-bar": "~1.0.2",
      "firebase": "7.9.0",
      "moment": "^2.29.1",
      "react": "16.13.1",
      "react-dom": "16.13.1",
      "react-native": "https://github.com/expo/react-native/archive/sdk-39.0.3.tar.gz",
      "react-native-gesture-handler": "~1.7.0",
      "react-native-reanimated": "^1.13.1",
      "react-native-screens": "~2.10.1",
      "react-native-web": "^0.13.18",
      "react-navigation": "^4.4.2",
      "react-navigation-stack": "^2.8.4",
      "react-navigation-tabs": "^2.9.2",
      "tsutils": "^3.17.1",
      "typescript": "^4.0.3"
    },
    "devDependencies": {
      "@babel/core": "~7.11.6"
    },
    "private": true
  }

yarn manifest: 
  No manifest

Lockfile: 
  No lockfile
